2024-04-09T08:07:09-05:00 - info: Ingreso de: a1914ba0-f393-11ee-9942-a75ddb6cce19
2024-04-09T08:09:14-05:00 - info: Ingreso de: a1914ba0-f393-11ee-9942-a75ddb6cce19
2024-04-09T08:11:54-05:00 - info: Ingreso de: a1914ba0-f393-11ee-9942-a75ddb6cce19
2024-04-09T08:17:13-05:00 - info: Ingreso de: a1914ba0-f393-11ee-9942-a75ddb6cce19
2024-04-09T08:19:18-05:00 - info: Ingreso de: a1914ba0-f393-11ee-9942-a75ddb6cce19
2024-04-09T08:23:41-05:00 - info: Ingreso de: a1914ba0-f393-11ee-9942-a75ddb6cce19
2024-04-09T08:27:16-05:00 - info: Ingreso de: a1914ba0-f393-11ee-9942-a75ddb6cce19
2024-04-09T08:27:55-05:00 - info: Ingreso de: a1914ba0-f393-11ee-9942-a75ddb6cce19
2024-04-09T08:28:52-05:00 - info: Ingreso de: a1914ba0-f393-11ee-9942-a75ddb6cce19
2024-04-09T08:28:54-05:00 - error: Por favor autenticate.
2024-04-09T08:28:54-05:00 - error: Por favor autenticate.
2024-04-09T08:29:43-05:00 - info: Ingreso de: a1914ba0-f393-11ee-9942-a75ddb6cce19
2024-04-09T08:29:47-05:00 - error: Por favor autenticate.
2024-04-09T08:29:47-05:00 - error: Por favor autenticate.
2024-04-09T08:31:29-05:00 - info: Ingreso de: a1914ba0-f393-11ee-9942-a75ddb6cce19
2024-04-09T08:32:43-05:00 - error: Por favor autenticate.
2024-04-09T08:32:43-05:00 - error: Por favor autenticate.
2024-04-09T08:32:51-05:00 - info: Ingreso de: a1914ba0-f393-11ee-9942-a75ddb6cce19
2024-04-09T08:33:18-05:00 - error: Por favor autenticate.
2024-04-09T08:33:37-05:00 - info: Ingreso de: a1914ba0-f393-11ee-9942-a75ddb6cce19
2024-04-09T08:33:39-05:00 - error: Por favor autenticate.
2024-04-09T08:33:39-05:00 - error: Por favor autenticate.
2024-04-09T08:33:56-05:00 - error: Por favor autenticate.
2024-04-09T08:34:03-05:00 - info: Ingreso de: a1914ba0-f393-11ee-9942-a75ddb6cce19
2024-04-09T08:34:09-05:00 - error: Por favor autenticate.
2024-04-09T08:34:09-05:00 - error: Por favor autenticate.
2024-04-09T08:34:21-05:00 - info: Ingreso de: a1914ba0-f393-11ee-9942-a75ddb6cce19
2024-04-09T08:34:23-05:00 - error: Por favor autenticate.
2024-04-09T08:34:23-05:00 - error: Por favor autenticate.
2024-04-09T08:34:58-05:00 - info: Ingreso de: a1914ba0-f393-11ee-9942-a75ddb6cce19
2024-04-09T08:35:38-05:00 - error: Por favor autenticate.
2024-04-09T08:35:38-05:00 - error: Por favor autenticate.
2024-04-09T08:35:44-05:00 - info: Ingreso de: a1914ba0-f393-11ee-9942-a75ddb6cce19
2024-04-09T08:36:17-05:00 - error: Los datos de ingreso no son correctos. julian-ortiz98@hotmail.com
2024-04-09T08:36:22-05:00 - info: Ingreso de: a1914ba0-f393-11ee-9942-a75ddb6cce19
2024-04-09T08:47:52-05:00 - error: Por favor autenticate.
2024-04-09T08:47:52-05:00 - error: Por favor autenticate.
2024-04-09T08:48:51-05:00 - info: Se ha creado el usuario: e60da8a0-f677-11ee-ab6d-bddbe8de8ead
2024-04-09T08:49:02-05:00 - info: Ingreso de: e60da8a0-f677-11ee-ab6d-bddbe8de8ead
2024-04-09T08:49:51-05:00 - error: El usuario no existe.
2024-04-09T08:49:59-05:00 - info: Ingreso de: e60da8a0-f677-11ee-ab6d-bddbe8de8ead
2024-04-09T08:56:04-05:00 - info: Se ha creado el usuario: e80f76a0-f678-11ee-ab6d-bddbe8de8ead
2024-04-09T08:56:11-05:00 - info: Ingreso de: e80f76a0-f678-11ee-ab6d-bddbe8de8ead
2024-04-09T08:56:37-05:00 - info: Ingreso de: e80f76a0-f678-11ee-ab6d-bddbe8de8ead
2024-04-09T08:56:58-05:00 - error: Los datos de ingreso no son correctos. julian-ortiz98@hotmail.co
2024-04-09T08:57:07-05:00 - error: Los datos de ingreso no son correctos. julian-ortiz98@hotmail.co
2024-04-09T08:57:14-05:00 - info: Ingreso de: e80f76a0-f678-11ee-ab6d-bddbe8de8ead
2024-04-09T08:57:33-05:00 - error: Los datos de ingreso no son correctos. julian-ortiz98@hotmail.com
2024-04-09T08:57:38-05:00 - info: Ingreso de: e80f76a0-f678-11ee-ab6d-bddbe8de8ead
2024-04-09T08:57:57-05:00 - info: Ingreso de: e80f76a0-f678-11ee-ab6d-bddbe8de8ead
2024-04-09T10:19:43-05:00 - error: jwt expired
2024-04-09T10:19:48-05:00 - info: Ingreso de: e80f76a0-f678-11ee-ab6d-bddbe8de8ead
2024-04-09T10:25:39-05:00 - error: jwt expired
2024-04-09T10:26:00-05:00 - error: No tienes permisos para realizar esta acción. julian-ortiz98@hotmail.com
2024-04-09T10:26:45-05:00 - info: Se ha creado la categoría: Netflix
2024-04-09T11:20:48-05:00 - error: Error al procesar la solicitud: ObjectParameterError: Parameter "filter" to findOne() must be an object, got "Netflix 30 días" (type string)
2024-04-09T11:21:43-05:00 - error: Error al procesar la solicitud: ValidationError: id: Path `id` is required.
2024-04-09T11:36:15-05:00 - info: Se ha creado el producto: 48e24a50-f68f-11ee-bb43-c7a753b0cd2e
2024-04-09T11:37:05-05:00 - info: Se ha creado el producto: 662ee690-f68f-11ee-9f98-47c5b360c5fb
2024-04-09T11:41:01-05:00 - info: Se ha creado el producto: [object Object]
2024-04-09T11:42:34-05:00 - info: Se ha creado el producto: 2a3a6e60-f690-11ee-a49c-e9ea13444c6d
2024-04-09T11:52:49-05:00 - error: No tienes permisos para realizar esta acción. julian-ortiz98@hotmail.com
2024-04-09T11:52:58-05:00 - info: Se ha creado el producto: 9e72f990-f691-11ee-9a90-9d7ed1372e61
2024-04-09T11:54:28-05:00 - info: Se ha creado el producto: d3f7d770-f691-11ee-9a90-9d7ed1372e61
2024-04-09T11:54:35-05:00 - info: Se ha creado el producto: d80d5fb0-f691-11ee-9a90-9d7ed1372e61
2024-04-09T11:54:38-05:00 - info: Se ha creado el producto: d9d01e50-f691-11ee-9a90-9d7ed1372e61
2024-04-09T11:54:41-05:00 - info: Se ha creado el producto: dbfa0330-f691-11ee-9a90-9d7ed1372e61
2024-04-09T11:54:45-05:00 - info: Se ha creado el producto: de2d0fd0-f691-11ee-9a90-9d7ed1372e61
2024-04-09T11:56:28-05:00 - info: Se ha creado la categoría: Amazon
2024-04-09T11:56:40-05:00 - info: Se ha creado la categoría: HBOMAX
2024-04-09T11:56:57-05:00 - info: Se ha creado la categoría: Plex
2024-04-09T11:57:19-05:00 - info: Se ha creado la categoría: Vix
