2024-04-05T11:51:31-05:00 - info: Se ha creado el usuario: c0e03240-f36c-11ee-ba8d-5fb2ab7c0746
2024-04-05T11:52:32-05:00 - info: Se ha creado el usuario: e5974e20-f36c-11ee-ba8d-5fb2ab7c0746
2024-04-05T11:52:54-05:00 - info: Ingreso de: e5974e20-f36c-11ee-ba8d-5fb2ab7c0746
2024-04-05T11:53:03-05:00 - info: Ingreso de: e5974e20-f36c-11ee-ba8d-5fb2ab7c0746
2024-04-05T12:04:33-05:00 - info: Ingreso de: e5974e20-f36c-11ee-ba8d-5fb2ab7c0746
2024-04-05T12:11:27-05:00 - info: Los datos de ingreso no son correctos. julian-ortiz98@hotmail.com
2024-04-05T12:12:35-05:00 - info: Los datos de ingreso no son correctos. julian-ortiz98@hotmail.com
2024-04-05T12:12:37-05:00 - info: Los datos de ingreso no son correctos. julian-ortiz98@hotmail.com
2024-04-05T12:12:48-05:00 - info: Los datos de ingreso no son correctos. julian-ortiz98@hotmail.com
2024-04-05T12:12:48-05:00 - info: Los datos de ingreso no son correctos. julian-ortiz98@hotmail.com
2024-04-05T12:12:48-05:00 - info: Los datos de ingreso no son correctos. julian-ortiz98@hotmail.com
2024-04-05T12:12:48-05:00 - info: Los datos de ingreso no son correctos. julian-ortiz98@hotmail.com
2024-04-05T12:12:48-05:00 - info: Los datos de ingreso no son correctos. julian-ortiz98@hotmail.com
2024-04-05T12:12:48-05:00 - info: Los datos de ingreso no son correctos. julian-ortiz98@hotmail.com
2024-04-05T12:12:48-05:00 - info: Los datos de ingreso no son correctos. julian-ortiz98@hotmail.com
2024-04-05T12:12:48-05:00 - info: Los datos de ingreso no son correctos. julian-ortiz98@hotmail.com
2024-04-05T12:12:48-05:00 - info: Los datos de ingreso no son correctos. julian-ortiz98@hotmail.com
2024-04-05T12:12:48-05:00 - info: Los datos de ingreso no son correctos. julian-ortiz98@hotmail.com
2024-04-05T12:12:57-05:00 - info: Los datos de ingreso no son correctos. julian-ortiz98@hotmail.com
2024-04-05T12:13:26-05:00 - info: Los datos de ingreso no son correctos. julian-ortiz98@hotmail.com
2024-04-05T12:17:14-05:00 - info: Ingreso de: e5974e20-f36c-11ee-ba8d-5fb2ab7c0746
2024-04-05T12:21:56-05:00 - info: Se ha creado el usuario: 00a2fe40-f371-11ee-83ee-6d8b1eb94b3b
2024-04-05T12:22:38-05:00 - error: Los datos de ingreso no son correctos. julian-ortiz98@hotmail.com
2024-04-05T12:22:52-05:00 - info: Ingreso de: 00a2fe40-f371-11ee-83ee-6d8b1eb94b3b
2024-04-05T14:21:57-05:00 - info: Ingreso de: 00a2fe40-f371-11ee-83ee-6d8b1eb94b3b
2024-04-05T14:22:48-05:00 - info: Ingreso de: 00a2fe40-f371-11ee-83ee-6d8b1eb94b3b
2024-04-05T15:01:33-05:00 - error: Error al procesar la solicitud: ValidationError: id: Path `id` is required.
2024-04-05T15:03:30-05:00 - info: Se ha creado la categoría: Netflix
2024-04-05T16:28:53-05:00 - info: Se ha creado el usuario: 80150f70-f393-11ee-aeed-cf2ec2bfa297
2024-04-05T16:29:49-05:00 - info: Se ha creado el usuario: a1914ba0-f393-11ee-9942-a75ddb6cce19
2024-04-05T17:05:13-05:00 - error: Error al procesar la solicitud: TypeError: Cannot read properties of null (reading 'email')
2024-04-05T17:06:05-05:00 - error: Error al procesar la solicitud: TypeError: Cannot read properties of null (reading 'email')
2024-04-05T17:08:30-05:00 - error: Error al procesar la solicitud: TypeError: Cannot read properties of null (reading 'email')
2024-04-05T17:10:46-05:00 - error: Error al procesar la solicitud: TypeError: Cannot read properties of null (reading 'email')
2024-04-05T17:11:33-05:00 - error: Error al procesar la solicitud: TypeError: Cannot read properties of null (reading 'email')
2024-04-05T17:12:21-05:00 - error: Error al procesar la solicitud: TypeError: Cannot read properties of null (reading 'email')
2024-04-05T17:18:29-05:00 - error: El usuario no existe.
2024-04-05T17:19:13-05:00 - error: El usuario no existe.
2024-04-05T17:19:28-05:00 - error: El usuario no existe.
2024-04-05T17:23:38-05:00 - error: El usuario no existe.
2024-04-05T17:24:01-05:00 - info: Ingreso de: a1914ba0-f393-11ee-9942-a75ddb6cce19
2024-04-05T17:24:12-05:00 - info: Se ha creado la categoría: Netflix
